15-Feb-2017 14:43:51.725 INFO [main] org.apache.catalina.startup.VersionLoggerListener.log Server version:        Apache Tomcat/9.0.0.M17
15-Feb-2017 14:43:51.728 INFO [main] org.apache.catalina.startup.VersionLoggerListener.log Server built:          Jan 10 2017 20:59:20 UTC
15-Feb-2017 14:43:51.728 INFO [main] org.apache.catalina.startup.VersionLoggerListener.log Server number:         9.0.0.0
15-Feb-2017 14:43:51.728 INFO [main] org.apache.catalina.startup.VersionLoggerListener.log OS Name:               Windows 7
15-Feb-2017 14:43:51.728 INFO [main] org.apache.catalina.startup.VersionLoggerListener.log OS Version:            6.1
15-Feb-2017 14:43:51.729 INFO [main] org.apache.catalina.startup.VersionLoggerListener.log Architecture:          x86
15-Feb-2017 14:43:51.729 INFO [main] org.apache.catalina.startup.VersionLoggerListener.log Java Home:             D:\Java\jdk1.8.0_111\jre
15-Feb-2017 14:43:51.729 INFO [main] org.apache.catalina.startup.VersionLoggerListener.log JVM Version:           1.8.0_111-b14
15-Feb-2017 14:43:51.729 INFO [main] org.apache.catalina.startup.VersionLoggerListener.log JVM Vendor:            Oracle Corporation
15-Feb-2017 14:43:51.729 INFO [main] org.apache.catalina.startup.VersionLoggerListener.log CATALINA_BASE:         D:\need\buffer\train_Java\servletsDz1\server\apache-tomcat-9.0.0.M17
15-Feb-2017 14:43:51.730 INFO [main] org.apache.catalina.startup.VersionLoggerListener.log CATALINA_HOME:         D:\need\buffer\train_Java\servletsDz1\server\apache-tomcat-9.0.0.M17
15-Feb-2017 14:43:51.730 INFO [main] org.apache.catalina.startup.VersionLoggerListener.log Command line argument: -Djava.util.logging.config.file=D:\need\buffer\train_Java\servletsDz1\server\apache-tomcat-9.0.0.M17\conf\logging.properties
15-Feb-2017 14:43:51.730 INFO [main] org.apache.catalina.startup.VersionLoggerListener.log Command line argument: -Djava.util.logging.manager=org.apache.juli.ClassLoaderLogManager
15-Feb-2017 14:43:51.731 INFO [main] org.apache.catalina.startup.VersionLoggerListener.log Command line argument: -Djdk.tls.ephemeralDHKeySize=2048
15-Feb-2017 14:43:51.732 INFO [main] org.apache.catalina.startup.VersionLoggerListener.log Command line argument: -Djava.protocol.handler.pkgs=org.apache.catalina.webresources
15-Feb-2017 14:43:51.733 INFO [main] org.apache.catalina.startup.VersionLoggerListener.log Command line argument: -Dcatalina.base=D:\need\buffer\train_Java\servletsDz1\server\apache-tomcat-9.0.0.M17
15-Feb-2017 14:43:51.734 INFO [main] org.apache.catalina.startup.VersionLoggerListener.log Command line argument: -Dcatalina.home=D:\need\buffer\train_Java\servletsDz1\server\apache-tomcat-9.0.0.M17
15-Feb-2017 14:43:51.734 INFO [main] org.apache.catalina.startup.VersionLoggerListener.log Command line argument: -Djava.io.tmpdir=D:\need\buffer\train_Java\servletsDz1\server\apache-tomcat-9.0.0.M17\temp
15-Feb-2017 14:43:51.735 INFO [main] org.apache.catalina.core.AprLifecycleListener.lifecycleEvent The APR based Apache Tomcat Native library which allows optimal performance in production environments was not found on the java.library.path: D:\Java\jdk1.8.0_111\jre\bin;C:\Windows\Sun\Java\bin;C:\Windows\system32;C:\Windows;C:\ProgramData\Oracle\Java\javapath;C:\Windows\system32;C:\Windows;C:\Windows\System32\Wbem;C:\Windows\System32\WindowsPowerShell\v1.0\;C:\Program Files\Windows Kits\8.1\Windows Performance Toolkit\;C:\Program Files\Avest\AvPCM;c:\WebServers\usr\local\php5\;C:\Program Files\TortoiseSVN\bin;C:\Program Files\Skype\Phone\;C:\Program Files\Microsoft SQL Server\100\Tools\Binn\;C:\Program Files\Microsoft SQL Server\100\DTS\Binn\;C:\Program Files\Microsoft SQL Server\100\Tools\Binn\VSShell\Common7\IDE\;C:\Program Files\Microsoft SQL Server\120\Tools\Binn\;D:\programm\programming\Git\cmd;.
15-Feb-2017 14:43:51.863 INFO [main] org.apache.coyote.AbstractProtocol.init Initializing ProtocolHandler ["http-nio-80"]
15-Feb-2017 14:43:52.024 INFO [main] org.apache.tomcat.util.net.NioSelectorPool.getSharedSelector Using a shared selector for servlet write/read
15-Feb-2017 14:43:52.026 INFO [main] org.apache.coyote.AbstractProtocol.init Initializing ProtocolHandler ["ajp-nio-8009"]
15-Feb-2017 14:43:52.031 INFO [main] org.apache.tomcat.util.net.NioSelectorPool.getSharedSelector Using a shared selector for servlet write/read
15-Feb-2017 14:43:52.032 INFO [main] org.apache.catalina.startup.Catalina.load Initialization processed in 646 ms
15-Feb-2017 14:43:52.056 INFO [main] org.apache.catalina.core.StandardService.startInternal Starting service Catalina
15-Feb-2017 14:43:52.057 INFO [main] org.apache.catalina.core.StandardEngine.startInternal Starting Servlet Engine: Apache Tomcat/9.0.0.M17
15-Feb-2017 14:43:52.560 INFO [localhost-startStop-1] org.apache.catalina.startup.HostConfig.deployDirectory Deploying web application directory D:\need\buffer\train_Java\servletsDz1\server\apache-tomcat-9.0.0.M17\webapps\docs
15-Feb-2017 14:43:52.744 INFO [localhost-startStop-1] org.apache.catalina.startup.HostConfig.deployDirectory Deployment of web application directory D:\need\buffer\train_Java\servletsDz1\server\apache-tomcat-9.0.0.M17\webapps\docs has finished in 183 ms
15-Feb-2017 14:43:52.744 INFO [localhost-startStop-1] org.apache.catalina.startup.HostConfig.deployDirectory Deploying web application directory D:\need\buffer\train_Java\servletsDz1\server\apache-tomcat-9.0.0.M17\webapps\examples
15-Feb-2017 14:43:53.262 INFO [localhost-startStop-1] org.apache.catalina.startup.HostConfig.deployDirectory Deployment of web application directory D:\need\buffer\train_Java\servletsDz1\server\apache-tomcat-9.0.0.M17\webapps\examples has finished in 518 ms
15-Feb-2017 14:43:53.263 INFO [localhost-startStop-1] org.apache.catalina.startup.HostConfig.deployDirectory Deploying web application directory D:\need\buffer\train_Java\servletsDz1\server\apache-tomcat-9.0.0.M17\webapps\host-manager
15-Feb-2017 14:43:53.435 INFO [localhost-startStop-1] org.apache.catalina.startup.HostConfig.deployDirectory Deployment of web application directory D:\need\buffer\train_Java\servletsDz1\server\apache-tomcat-9.0.0.M17\webapps\host-manager has finished in 172 ms
15-Feb-2017 14:43:53.435 INFO [localhost-startStop-1] org.apache.catalina.startup.HostConfig.deployDirectory Deploying web application directory D:\need\buffer\train_Java\servletsDz1\server\apache-tomcat-9.0.0.M17\webapps\manager
15-Feb-2017 14:43:53.600 INFO [localhost-startStop-1] org.apache.catalina.startup.HostConfig.deployDirectory Deployment of web application directory D:\need\buffer\train_Java\servletsDz1\server\apache-tomcat-9.0.0.M17\webapps\manager has finished in 165 ms
15-Feb-2017 14:43:53.604 INFO [main] org.apache.coyote.AbstractProtocol.start Starting ProtocolHandler [http-nio-80]
15-Feb-2017 14:43:53.614 INFO [main] org.apache.coyote.AbstractProtocol.start Starting ProtocolHandler [ajp-nio-8009]
15-Feb-2017 14:43:53.618 INFO [main] org.apache.catalina.startup.Catalina.start Server startup in 1585 ms
15-Feb-2017 14:44:53.741 INFO [ContainerBackgroundProcessor[StandardEngine[Catalina]]] org.apache.catalina.core.StandardContext.reload Reloading Context with name [] has started
15-Feb-2017 14:44:53.934 INFO [ContainerBackgroundProcessor[StandardEngine[Catalina]]] org.apache.catalina.core.StandardContext.reload Reloading Context with name [] is completed
15-Feb-2017 14:45:34.051 INFO [ContainerBackgroundProcessor[StandardEngine[Catalina]]] org.apache.catalina.core.StandardContext.reload Reloading Context with name [] has started
15-Feb-2017 14:45:34.231 INFO [ContainerBackgroundProcessor[StandardEngine[Catalina]]] org.apache.catalina.core.StandardContext.reload Reloading Context with name [] is completed
15-Feb-2017 14:46:14.267 INFO [ContainerBackgroundProcessor[StandardEngine[Catalina]]] org.apache.catalina.core.StandardContext.reload Reloading Context with name [] has started
15-Feb-2017 14:46:14.427 INFO [ContainerBackgroundProcessor[StandardEngine[Catalina]]] org.apache.catalina.core.StandardContext.reload Reloading Context with name [] is completed
15-Feb-2017 14:47:14.518 INFO [ContainerBackgroundProcessor[StandardEngine[Catalina]]] org.apache.catalina.core.StandardContext.reload Reloading Context with name [] has started
15-Feb-2017 14:47:14.688 INFO [ContainerBackgroundProcessor[StandardEngine[Catalina]]] org.apache.catalina.core.StandardContext.reload Reloading Context with name [] is completed
15-Feb-2017 14:47:44.718 INFO [ContainerBackgroundProcessor[StandardEngine[Catalina]]] org.apache.catalina.core.StandardContext.reload Reloading Context with name [] has started
15-Feb-2017 14:47:44.878 INFO [ContainerBackgroundProcessor[StandardEngine[Catalina]]] org.apache.catalina.core.StandardContext.reload Reloading Context with name [] is completed
15-Feb-2017 14:48:24.972 INFO [ContainerBackgroundProcessor[StandardEngine[Catalina]]] org.apache.catalina.core.StandardContext.reload Reloading Context with name [] has started
15-Feb-2017 14:48:25.142 INFO [ContainerBackgroundProcessor[StandardEngine[Catalina]]] org.apache.catalina.core.StandardContext.reload Reloading Context with name [] is completed
15-Feb-2017 14:49:05.183 INFO [ContainerBackgroundProcessor[StandardEngine[Catalina]]] org.apache.catalina.core.StandardContext.reload Reloading Context with name [] has started
15-Feb-2017 14:49:05.363 INFO [ContainerBackgroundProcessor[StandardEngine[Catalina]]] org.apache.catalina.core.StandardContext.reload Reloading Context with name [] is completed
15-Feb-2017 14:49:55.402 INFO [ContainerBackgroundProcessor[StandardEngine[Catalina]]] org.apache.catalina.core.StandardContext.reload Reloading Context with name [] has started
15-Feb-2017 14:49:55.572 INFO [ContainerBackgroundProcessor[StandardEngine[Catalina]]] org.apache.catalina.core.StandardContext.reload Reloading Context with name [] is completed
15-Feb-2017 14:50:35.617 INFO [ContainerBackgroundProcessor[StandardEngine[Catalina]]] org.apache.catalina.core.StandardContext.reload Reloading Context with name [] has started
15-Feb-2017 14:50:35.787 INFO [ContainerBackgroundProcessor[StandardEngine[Catalina]]] org.apache.catalina.core.StandardContext.reload Reloading Context with name [] is completed
15-Feb-2017 14:51:45.853 INFO [ContainerBackgroundProcessor[StandardEngine[Catalina]]] org.apache.catalina.core.StandardContext.reload Reloading Context with name [] has started
15-Feb-2017 14:51:46.053 INFO [ContainerBackgroundProcessor[StandardEngine[Catalina]]] org.apache.catalina.core.StandardContext.reload Reloading Context with name [] is completed
15-Feb-2017 14:52:06.081 INFO [ContainerBackgroundProcessor[StandardEngine[Catalina]]] org.apache.catalina.core.StandardContext.reload Reloading Context with name [] has started
15-Feb-2017 14:52:06.241 INFO [ContainerBackgroundProcessor[StandardEngine[Catalina]]] org.apache.catalina.core.StandardContext.reload Reloading Context with name [] is completed
15-Feb-2017 14:57:56.655 INFO [ContainerBackgroundProcessor[StandardEngine[Catalina]]] org.apache.catalina.core.StandardContext.reload Reloading Context with name [] has started
15-Feb-2017 14:57:56.835 INFO [ContainerBackgroundProcessor[StandardEngine[Catalina]]] org.apache.catalina.core.StandardContext.reload Reloading Context with name [] is completed
15-Feb-2017 15:05:19.480 INFO [main] org.apache.catalina.core.StandardServer.await A valid shutdown command was received via the shutdown port. Stopping the Server instance.
15-Feb-2017 15:05:19.480 INFO [main] org.apache.coyote.AbstractProtocol.pause Pausing ProtocolHandler ["http-nio-80"]
15-Feb-2017 15:05:19.550 INFO [main] org.apache.coyote.AbstractProtocol.pause Pausing ProtocolHandler ["ajp-nio-8009"]
15-Feb-2017 15:05:19.650 INFO [main] org.apache.catalina.core.StandardService.stopInternal Stopping service Catalina
15-Feb-2017 15:05:19.660 INFO [main] org.apache.coyote.AbstractProtocol.stop Stopping ProtocolHandler ["http-nio-80"]
15-Feb-2017 15:05:19.660 INFO [main] org.apache.coyote.AbstractProtocol.stop Stopping ProtocolHandler ["ajp-nio-8009"]
15-Feb-2017 15:05:19.660 INFO [main] org.apache.coyote.AbstractProtocol.destroy Destroying ProtocolHandler ["http-nio-80"]
15-Feb-2017 15:05:19.660 INFO [main] org.apache.coyote.AbstractProtocol.destroy Destroying ProtocolHandler ["ajp-nio-8009"]
15-Feb-2017 15:09:13.798 SEVERE [main] org.apache.catalina.startup.Catalina.stopServer Could not contact localhost:8005. Tomcat may not be running.
15-Feb-2017 15:09:13.801 SEVERE [main] org.apache.catalina.startup.Catalina.stopServer Catalina.stop: 
 java.net.ConnectException: Connection refused: connect
	at java.net.DualStackPlainSocketImpl.connect0(Native Method)
	at java.net.DualStackPlainSocketImpl.socketConnect(DualStackPlainSocketImpl.java:79)
	at java.net.AbstractPlainSocketImpl.doConnect(AbstractPlainSocketImpl.java:350)
	at java.net.AbstractPlainSocketImpl.connectToAddress(AbstractPlainSocketImpl.java:206)
	at java.net.AbstractPlainSocketImpl.connect(AbstractPlainSocketImpl.java:188)
	at java.net.PlainSocketImpl.connect(PlainSocketImpl.java:172)
	at java.net.SocksSocketImpl.connect(SocksSocketImpl.java:392)
	at java.net.Socket.connect(Socket.java:589)
	at java.net.Socket.connect(Socket.java:538)
	at java.net.Socket.<init>(Socket.java:434)
	at java.net.Socket.<init>(Socket.java:211)
	at org.apache.catalina.startup.Catalina.stopServer(Catalina.java:476)
	at sun.reflect.NativeMethodAccessorImpl.invoke0(Native Method)
	at sun.reflect.NativeMethodAccessorImpl.invoke(NativeMethodAccessorImpl.java:62)
	at sun.reflect.DelegatingMethodAccessorImpl.invoke(DelegatingMethodAccessorImpl.java:43)
	at java.lang.reflect.Method.invoke(Method.java:498)
	at org.apache.catalina.startup.Bootstrap.stopServer(Bootstrap.java:408)
	at org.apache.catalina.startup.Bootstrap.main(Bootstrap.java:497)

